1741296389.577143 client started (75146): version 3.5a, socket /private/tmp/tmux-501/default, protocol 8
1741296389.577201 on Darwin 24.3.0 Darwin Kernel Version 24.3.0: Thu Jan  2 20:24:22 PST 2025; root:xnu-11215.81.4~3/RELEASE_ARM64_T6041
1741296389.577217 using libevent 2.1.12-stable select
1741296389.577261 using utf8proc 2.10.0
1741296389.577270 using ncurses 6.5 20240427
1741296389.577282 flags are 0x10010000
1741296389.577286 socket is /private/tmp/tmux-501/default
1741296389.577293 trying connect
1741296389.577328 add peer 0x110008000: 6 (0x0)
1741296389.580115 sending message 111 to peer 0x110008000 (8 bytes)
1741296389.580124 sending message 111 to peer 0x110008000 (8 bytes)
1741296389.580127 sending message 101 to peer 0x110008000 (14 bytes)
1741296389.580130 sending message 109 to peer 0x110008000 (4 bytes)
1741296389.580133 sending message 102 to peer 0x110008000 (13 bytes)
1741296389.580136 sending message 108 to peer 0x110008000 (31 bytes)
1741296389.580138 sending message 112 to peer 0x110008000 (70 bytes)
1741296389.580141 sending message 112 to peer 0x110008000 (5 bytes)
1741296389.580143 sending message 112 to peer 0x110008000 (5 bytes)
1741296389.580146 sending message 112 to peer 0x110008000 (6 bytes)
1741296389.580148 sending message 112 to peer 0x110008000 (6 bytes)
1741296389.580150 sending message 112 to peer 0x110008000 (11 bytes)
1741296389.580153 sending message 112 to peer 0x110008000 (10 bytes)
1741296389.580155 sending message 112 to peer 0x110008000 (13 bytes)
1741296389.580158 sending message 112 to peer 0x110008000 (13 bytes)
1741296389.580160 sending message 112 to peer 0x110008000 (18 bytes)
1741296389.580162 sending message 112 to peer 0x110008000 (11 bytes)
1741296389.580165 sending message 112 to peer 0x110008000 (10 bytes)
1741296389.580167 sending message 112 to peer 0x110008000 (15 bytes)
1741296389.580169 sending message 112 to peer 0x110008000 (21 bytes)
1741296389.580172 sending message 112 to peer 0x110008000 (13 bytes)
1741296389.580174 sending message 112 to peer 0x110008000 (7 bytes)
1741296389.580176 sending message 112 to peer 0x110008000 (13 bytes)
1741296389.580179 sending message 112 to peer 0x110008000 (7 bytes)
1741296389.580181 sending message 112 to peer 0x110008000 (13 bytes)
1741296389.580183 sending message 112 to peer 0x110008000 (9 bytes)
1741296389.580186 sending message 112 to peer 0x110008000 (21 bytes)
1741296389.580188 sending message 112 to peer 0x110008000 (13 bytes)
1741296389.580190 sending message 112 to peer 0x110008000 (8 bytes)
1741296389.580193 sending message 112 to peer 0x110008000 (12 bytes)
1741296389.580195 sending message 112 to peer 0x110008000 (13 bytes)
1741296389.580198 sending message 112 to peer 0x110008000 (9 bytes)
1741296389.580200 sending message 112 to peer 0x110008000 (9 bytes)
1741296389.580202 sending message 112 to peer 0x110008000 (12 bytes)
1741296389.580205 sending message 112 to peer 0x110008000 (8 bytes)
1741296389.580207 sending message 112 to peer 0x110008000 (8 bytes)
1741296389.580209 sending message 112 to peer 0x110008000 (7 bytes)
1741296389.580212 sending message 112 to peer 0x110008000 (7 bytes)
1741296389.580214 sending message 112 to peer 0x110008000 (9 bytes)
1741296389.580216 sending message 112 to peer 0x110008000 (13 bytes)
1741296389.580219 sending message 112 to peer 0x110008000 (6 bytes)
1741296389.580221 sending message 112 to peer 0x110008000 (9 bytes)
1741296389.580223 sending message 112 to peer 0x110008000 (15 bytes)
1741296389.580226 sending message 112 to peer 0x110008000 (13 bytes)
1741296389.580228 sending message 112 to peer 0x110008000 (12 bytes)
1741296389.580230 sending message 112 to peer 0x110008000 (8 bytes)
1741296389.580232 sending message 112 to peer 0x110008000 (14 bytes)
1741296389.580235 sending message 112 to peer 0x110008000 (11 bytes)
1741296389.580237 sending message 112 to peer 0x110008000 (9 bytes)
1741296389.580239 sending message 112 to peer 0x110008000 (10 bytes)
1741296389.580242 sending message 112 to peer 0x110008000 (10 bytes)
1741296389.580244 sending message 112 to peer 0x110008000 (10 bytes)
1741296389.580256 sending message 112 to peer 0x110008000 (10 bytes)
1741296389.580258 sending message 112 to peer 0x110008000 (11 bytes)
1741296389.580260 sending message 112 to peer 0x110008000 (12 bytes)
1741296389.580262 sending message 112 to peer 0x110008000 (12 bytes)
1741296389.580263 sending message 112 to peer 0x110008000 (12 bytes)
1741296389.580265 sending message 112 to peer 0x110008000 (12 bytes)
1741296389.580267 sending message 112 to peer 0x110008000 (12 bytes)
1741296389.580268 sending message 112 to peer 0x110008000 (11 bytes)
1741296389.580270 sending message 112 to peer 0x110008000 (11 bytes)
1741296389.580272 sending message 112 to peer 0x110008000 (12 bytes)
1741296389.580273 sending message 112 to peer 0x110008000 (12 bytes)
1741296389.580275 sending message 112 to peer 0x110008000 (12 bytes)
1741296389.580277 sending message 112 to peer 0x110008000 (12 bytes)
1741296389.580278 sending message 112 to peer 0x110008000 (12 bytes)
1741296389.580280 sending message 112 to peer 0x110008000 (10 bytes)
1741296389.580282 sending message 112 to peer 0x110008000 (12 bytes)
1741296389.580283 sending message 112 to peer 0x110008000 (13 bytes)
1741296389.580285 sending message 112 to peer 0x110008000 (13 bytes)
1741296389.580287 sending message 112 to peer 0x110008000 (13 bytes)
1741296389.580288 sending message 112 to peer 0x110008000 (13 bytes)
1741296389.580290 sending message 112 to peer 0x110008000 (13 bytes)
1741296389.580292 sending message 112 to peer 0x110008000 (8 bytes)
1741296389.580293 sending message 112 to peer 0x110008000 (11 bytes)
1741296389.580295 sending message 112 to peer 0x110008000 (11 bytes)
1741296389.580297 sending message 112 to peer 0x110008000 (11 bytes)
1741296389.580298 sending message 112 to peer 0x110008000 (12 bytes)
1741296389.580300 sending message 112 to peer 0x110008000 (12 bytes)
1741296389.580301 sending message 112 to peer 0x110008000 (12 bytes)
1741296389.580303 sending message 112 to peer 0x110008000 (12 bytes)
1741296389.580305 sending message 112 to peer 0x110008000 (13 bytes)
1741296389.580306 sending message 112 to peer 0x110008000 (13 bytes)
1741296389.580308 sending message 112 to peer 0x110008000 (13 bytes)
1741296389.580310 sending message 112 to peer 0x110008000 (8 bytes)
1741296389.580311 sending message 112 to peer 0x110008000 (13 bytes)
1741296389.580313 sending message 112 to peer 0x110008000 (13 bytes)
1741296389.580315 sending message 112 to peer 0x110008000 (13 bytes)
1741296389.580316 sending message 112 to peer 0x110008000 (13 bytes)
1741296389.580318 sending message 112 to peer 0x110008000 (13 bytes)
1741296389.580319 sending message 112 to peer 0x110008000 (12 bytes)
1741296389.580321 sending message 112 to peer 0x110008000 (12 bytes)
1741296389.580323 sending message 112 to peer 0x110008000 (12 bytes)
1741296389.580324 sending message 112 to peer 0x110008000 (12 bytes)
1741296389.580326 sending message 112 to peer 0x110008000 (13 bytes)
1741296389.580328 sending message 112 to peer 0x110008000 (8 bytes)
1741296389.580329 sending message 112 to peer 0x110008000 (13 bytes)
1741296389.580331 sending message 112 to peer 0x110008000 (13 bytes)
1741296389.580333 sending message 112 to peer 0x110008000 (13 bytes)
1741296389.580334 sending message 112 to peer 0x110008000 (13 bytes)
1741296389.580336 sending message 112 to peer 0x110008000 (13 bytes)
1741296389.580337 sending message 112 to peer 0x110008000 (13 bytes)
1741296389.580339 sending message 112 to peer 0x110008000 (13 bytes)
1741296389.580341 sending message 112 to peer 0x110008000 (12 bytes)
1741296389.580342 sending message 112 to peer 0x110008000 (12 bytes)
1741296389.580344 sending message 112 to peer 0x110008000 (12 bytes)
1741296389.580346 sending message 112 to peer 0x110008000 (8 bytes)
1741296389.580347 sending message 112 to peer 0x110008000 (12 bytes)
1741296389.580349 sending message 112 to peer 0x110008000 (13 bytes)
1741296389.580350 sending message 112 to peer 0x110008000 (13 bytes)
1741296389.580352 sending message 112 to peer 0x110008000 (13 bytes)
1741296389.580354 sending message 112 to peer 0x110008000 (13 bytes)
1741296389.580359 sending message 112 to peer 0x110008000 (13 bytes)
1741296389.580361 sending message 112 to peer 0x110008000 (13 bytes)
1741296389.580363 sending message 112 to peer 0x110008000 (13 bytes)
1741296389.580364 sending message 112 to peer 0x110008000 (13 bytes)
1741296389.580366 sending message 112 to peer 0x110008000 (12 bytes)
1741296389.580367 sending message 112 to peer 0x110008000 (10 bytes)
1741296389.580369 sending message 112 to peer 0x110008000 (12 bytes)
1741296389.580371 sending message 112 to peer 0x110008000 (12 bytes)
1741296389.580372 sending message 112 to peer 0x110008000 (12 bytes)
1741296389.580374 sending message 112 to peer 0x110008000 (13 bytes)
1741296389.580376 sending message 112 to peer 0x110008000 (13 bytes)
1741296389.580377 sending message 112 to peer 0x110008000 (13 bytes)
1741296389.580379 sending message 112 to peer 0x110008000 (13 bytes)
1741296389.580381 sending message 112 to peer 0x110008000 (13 bytes)
1741296389.580382 sending message 112 to peer 0x110008000 (13 bytes)
1741296389.580384 sending message 112 to peer 0x110008000 (13 bytes)
1741296389.580385 sending message 112 to peer 0x110008000 (10 bytes)
1741296389.580387 sending message 112 to peer 0x110008000 (13 bytes)
1741296389.580389 sending message 112 to peer 0x110008000 (12 bytes)
1741296389.580390 sending message 112 to peer 0x110008000 (12 bytes)
1741296389.580392 sending message 112 to peer 0x110008000 (12 bytes)
1741296389.580394 sending message 112 to peer 0x110008000 (10 bytes)
1741296389.580395 sending message 112 to peer 0x110008000 (10 bytes)
1741296389.580397 sending message 112 to peer 0x110008000 (10 bytes)
1741296389.580398 sending message 112 to peer 0x110008000 (12 bytes)
1741296389.580400 sending message 112 to peer 0x110008000 (13 bytes)
1741296389.580402 sending message 112 to peer 0x110008000 (13 bytes)
1741296389.580403 sending message 112 to peer 0x110008000 (13 bytes)
1741296389.580405 sending message 112 to peer 0x110008000 (13 bytes)
1741296389.580407 sending message 112 to peer 0x110008000 (13 bytes)
1741296389.580408 sending message 112 to peer 0x110008000 (11 bytes)
1741296389.580410 sending message 112 to peer 0x110008000 (11 bytes)
1741296389.580411 sending message 112 to peer 0x110008000 (12 bytes)
1741296389.580413 sending message 112 to peer 0x110008000 (12 bytes)
1741296389.580415 sending message 112 to peer 0x110008000 (12 bytes)
1741296389.580416 sending message 112 to peer 0x110008000 (12 bytes)
1741296389.580418 sending message 112 to peer 0x110008000 (12 bytes)
1741296389.580420 sending message 112 to peer 0x110008000 (11 bytes)
1741296389.580421 sending message 112 to peer 0x110008000 (12 bytes)
1741296389.580423 sending message 112 to peer 0x110008000 (12 bytes)
1741296389.580425 sending message 112 to peer 0x110008000 (13 bytes)
1741296389.580426 sending message 112 to peer 0x110008000 (13 bytes)
1741296389.580428 sending message 112 to peer 0x110008000 (13 bytes)
1741296389.580429 sending message 112 to peer 0x110008000 (13 bytes)
1741296389.580431 sending message 112 to peer 0x110008000 (13 bytes)
1741296389.580433 sending message 112 to peer 0x110008000 (10 bytes)
1741296389.580434 sending message 112 to peer 0x110008000 (9 bytes)
1741296389.580436 sending message 112 to peer 0x110008000 (12 bytes)
1741296389.580438 sending message 112 to peer 0x110008000 (13 bytes)
1741296389.580439 sending message 112 to peer 0x110008000 (13 bytes)
1741296389.580441 sending message 112 to peer 0x110008000 (13 bytes)
1741296389.580442 sending message 112 to peer 0x110008000 (13 bytes)
1741296389.580444 sending message 112 to peer 0x110008000 (13 bytes)
1741296389.580446 sending message 112 to peer 0x110008000 (9 bytes)
1741296389.580447 sending message 112 to peer 0x110008000 (12 bytes)
1741296389.580449 sending message 112 to peer 0x110008000 (13 bytes)
1741296389.580451 sending message 112 to peer 0x110008000 (13 bytes)
1741296389.580452 sending message 112 to peer 0x110008000 (13 bytes)
1741296389.580454 sending message 112 to peer 0x110008000 (13 bytes)
1741296389.580458 sending message 112 to peer 0x110008000 (13 bytes)
1741296389.580460 sending message 112 to peer 0x110008000 (11 bytes)
1741296389.580462 sending message 112 to peer 0x110008000 (12 bytes)
1741296389.580463 sending message 112 to peer 0x110008000 (13 bytes)
1741296389.580465 sending message 112 to peer 0x110008000 (13 bytes)
1741296389.580467 sending message 112 to peer 0x110008000 (13 bytes)
1741296389.580468 sending message 112 to peer 0x110008000 (13 bytes)
1741296389.580470 sending message 112 to peer 0x110008000 (13 bytes)
1741296389.580472 sending message 112 to peer 0x110008000 (11 bytes)
1741296389.580474 sending message 112 to peer 0x110008000 (12 bytes)
1741296389.580475 sending message 112 to peer 0x110008000 (12 bytes)
1741296389.580477 sending message 112 to peer 0x110008000 (12 bytes)
1741296389.580479 sending message 112 to peer 0x110008000 (12 bytes)
1741296389.580480 sending message 112 to peer 0x110008000 (12 bytes)
1741296389.580482 sending message 112 to peer 0x110008000 (21 bytes)
1741296389.580484 sending message 112 to peer 0x110008000 (12 bytes)
1741296389.580485 sending message 112 to peer 0x110008000 (9 bytes)
1741296389.580487 sending message 112 to peer 0x110008000 (6 bytes)
1741296389.580489 sending message 112 to peer 0x110008000 (13 bytes)
1741296389.580490 sending message 112 to peer 0x110008000 (8 bytes)
1741296389.580492 sending message 112 to peer 0x110008000 (15 bytes)
1741296389.580494 sending message 112 to peer 0x110008000 (13 bytes)
1741296389.580495 sending message 112 to peer 0x110008000 (9 bytes)
1741296389.580497 sending message 112 to peer 0x110008000 (70 bytes)
1741296389.580499 sending message 112 to peer 0x110008000 (69 bytes)
1741296389.580500 sending message 112 to peer 0x110008000 (10 bytes)
1741296389.580502 sending message 112 to peer 0x110008000 (10 bytes)
1741296389.580504 sending message 112 to peer 0x110008000 (8 bytes)
1741296389.580505 sending message 112 to peer 0x110008000 (15 bytes)
1741296389.580507 sending message 112 to peer 0x110008000 (13 bytes)
1741296389.580509 sending message 112 to peer 0x110008000 (10 bytes)
1741296389.580510 sending message 112 to peer 0x110008000 (10 bytes)
1741296389.580512 sending message 112 to peer 0x110008000 (17 bytes)
1741296389.580513 sending message 112 to peer 0x110008000 (10 bytes)
1741296389.580515 sending message 112 to peer 0x110008000 (13 bytes)
1741296389.580517 sending message 112 to peer 0x110008000 (9 bytes)
1741296389.580518 sending message 112 to peer 0x110008000 (5 bytes)
1741296389.580520 sending message 112 to peer 0x110008000 (15 bytes)
1741296389.580522 sending message 104 to peer 0x110008000 (0 bytes)
1741296389.580525 sending message 110 to peer 0x110008000 (0 bytes)
1741296389.580526 sending message 107 to peer 0x110008000 (4 bytes)
1741296389.580528 sending message 105 to peer 0x110008000 (83 bytes)
1741296389.580530 sending message 105 to peer 0x110008000 (87 bytes)
1741296389.580531 sending message 105 to peer 0x110008000 (31 bytes)
1741296389.580533 sending message 105 to peer 0x110008000 (31 bytes)
1741296389.580535 sending message 105 to peer 0x110008000 (11 bytes)
1741296389.580536 sending message 105 to peer 0x110008000 (20 bytes)
1741296389.580538 sending message 105 to peer 0x110008000 (22 bytes)
1741296389.580540 sending message 105 to peer 0x110008000 (20 bytes)
1741296389.580541 sending message 105 to peer 0x110008000 (48 bytes)
1741296389.580543 sending message 105 to peer 0x110008000 (73 bytes)
1741296389.580545 sending message 105 to peer 0x110008000 (74 bytes)
1741296389.580546 sending message 105 to peer 0x110008000 (65 bytes)
1741296389.580548 sending message 105 to peer 0x110008000 (71 bytes)
1741296389.580550 sending message 105 to peer 0x110008000 (66 bytes)
1741296389.580552 sending message 105 to peer 0x110008000 (286 bytes)
1741296389.580554 sending message 105 to peer 0x110008000 (28 bytes)
1741296389.580555 sending message 105 to peer 0x110008000 (32 bytes)
1741296389.580557 sending message 105 to peer 0x110008000 (23 bytes)
1741296389.580563 sending message 105 to peer 0x110008000 (14 bytes)
1741296389.580565 sending message 105 to peer 0x110008000 (43 bytes)
1741296389.580566 sending message 105 to peer 0x110008000 (20 bytes)
1741296389.580568 sending message 105 to peer 0x110008000 (28 bytes)
1741296389.580570 sending message 105 to peer 0x110008000 (16 bytes)
1741296389.580571 sending message 105 to peer 0x110008000 (26 bytes)
1741296389.580573 sending message 105 to peer 0x110008000 (56 bytes)
1741296389.580575 sending message 105 to peer 0x110008000 (19 bytes)
1741296389.580577 sending message 105 to peer 0x110008000 (10 bytes)
1741296389.580578 sending message 105 to peer 0x110008000 (18 bytes)
1741296389.580580 sending message 105 to peer 0x110008000 (65 bytes)
1741296389.580582 sending message 105 to peer 0x110008000 (22 bytes)
1741296389.580583 sending message 105 to peer 0x110008000 (38 bytes)
1741296389.580585 sending message 105 to peer 0x110008000 (20 bytes)
1741296389.580587 sending message 105 to peer 0x110008000 (414 bytes)
1741296389.580589 sending message 105 to peer 0x110008000 (35 bytes)
1741296389.580590 sending message 105 to peer 0x110008000 (16 bytes)
1741296389.580592 sending message 105 to peer 0x110008000 (15 bytes)
1741296389.580594 sending message 105 to peer 0x110008000 (8 bytes)
1741296389.580600 sending message 105 to peer 0x110008000 (32 bytes)
1741296389.580602 sending message 105 to peer 0x110008000 (26 bytes)
1741296389.580603 sending message 105 to peer 0x110008000 (21 bytes)
1741296389.580605 sending message 105 to peer 0x110008000 (66 bytes)
1741296389.580607 sending message 105 to peer 0x110008000 (68 bytes)
1741296389.580608 sending message 105 to peer 0x110008000 (38 bytes)
1741296389.580610 sending message 105 to peer 0x110008000 (19 bytes)
1741296389.580612 sending message 105 to peer 0x110008000 (19 bytes)
1741296389.580613 sending message 105 to peer 0x110008000 (23 bytes)
1741296389.580615 sending message 105 to peer 0x110008000 (48 bytes)
1741296389.580617 sending message 105 to peer 0x110008000 (57 bytes)
1741296389.580618 sending message 105 to peer 0x110008000 (43 bytes)
1741296389.580620 sending message 105 to peer 0x110008000 (13 bytes)
1741296389.580622 sending message 105 to peer 0x110008000 (19 bytes)
1741296389.580623 sending message 105 to peer 0x110008000 (20 bytes)
1741296389.580625 sending message 105 to peer 0x110008000 (45 bytes)
1741296389.580626 sending message 105 to peer 0x110008000 (14 bytes)
1741296389.580628 sending message 105 to peer 0x110008000 (19 bytes)
1741296389.580630 sending message 105 to peer 0x110008000 (35 bytes)
1741296389.580631 sending message 105 to peer 0x110008000 (32 bytes)
1741296389.580633 sending message 105 to peer 0x110008000 (25 bytes)
1741296389.580635 sending message 106 to peer 0x110008000 (0 bytes)
1741296389.580679 sending message 200 to peer 0x110008000 (4 bytes)
1741296389.580682 client loop enter
1741296389.580806 peer 0x110008000 message 303
1741296389.580817 open write file 2 -
1741296389.580837 sending message 305 to peer 0x110008000 (8 bytes)
1741296389.580847 write check file 2
1741296389.580879 peer 0x110008000 message 304
1741296389.580883 write 58 to file 2
1741296389.580887 peer 0x110008000 message 203
1741296389.580889 file 2 58 bytes left
1741296389.580897 write check file 2
1741296389.580899 client loop exit
